[2019-10-07T19:00:32.616] [DEBUG] cheese - login => username:admin,password:123456
[2019-10-07T19:00:32.622] [DEBUG] cheese - admin
[2019-10-07T19:00:32.658] [DEBUG] cheese - null
[2019-10-07T19:00:32.659] [DEBUG] cheese - null
[2019-10-07T19:00:48.923] [DEBUG] cheese - login => username:zs,password:123456
[2019-10-07T19:00:48.923] [DEBUG] cheese - zs
[2019-10-07T19:00:48.931] [DEBUG] cheese - null
[2019-10-07T19:00:48.931] [DEBUG] cheese - null
[2019-10-08T11:32:27.672] [DEBUG] cheese - login => username:zs,password:123456
[2019-10-08T11:32:27.679] [DEBUG] cheese - zs
[2019-10-08T11:32:27.737] [DEBUG] cheese - null
[2019-10-08T11:32:27.739] [DEBUG] cheese - null
[2019-10-08T11:32:36.758] [DEBUG] cheese - login => username:admin,password:123456
[2019-10-08T11:32:36.758] [DEBUG] cheese - admin
[2019-10-08T11:32:36.774] [DEBUG] cheese - null
[2019-10-08T11:32:36.775] [DEBUG] cheese - null
[2019-10-08T18:37:37.690] [DEBUG] cheese - login => username:admin,password:123456
[2019-10-08T18:37:37.693] [DEBUG] cheese - admin
[2019-10-08T18:37:37.731] [DEBUG] cheese - null
[2019-10-08T18:37:37.732] [DEBUG] cheese - null
[2019-10-08T18:38:48.652] [DEBUG] cheese - login => username:admin,password:123456
[2019-10-08T18:38:48.652] [DEBUG] cheese - admin
[2019-10-08T18:38:48.669] [DEBUG] cheese - null
[2019-10-08T18:38:48.670] [DEBUG] cheese - null
[2019-10-08T18:40:43.180] [DEBUG] cheese - login => username:admin,password:123456
[2019-10-08T18:40:43.181] [DEBUG] cheese - admin
[2019-10-08T18:40:43.190] [DEBUG] cheese - null
[2019-10-08T18:40:43.190] [DEBUG] cheese - null
[2019-10-08T18:41:09.728] [DEBUG] cheese - login => username:admin,password:123456
[2019-10-08T18:41:09.729] [DEBUG] cheese - admin
[2019-10-08T18:41:09.737] [DEBUG] cheese - null
[2019-10-08T18:41:09.737] [DEBUG] cheese - null
[2019-10-08T18:47:27.497] [DEBUG] cheese - login => username:admin1,password:123456
[2019-10-08T18:47:27.497] [DEBUG] cheese - admin1
[2019-10-08T18:47:27.512] [DEBUG] cheese - null
[2019-10-08T18:47:27.512] [DEBUG] cheese - null
[2019-10-08T18:50:51.601] [DEBUG] cheese - login => username:admin1,password:123456
[2019-10-08T18:50:51.601] [DEBUG] cheese - admin1
[2019-10-08T18:50:51.610] [DEBUG] cheese - null
[2019-10-08T18:50:51.610] [DEBUG] cheese - null
[2019-10-08T18:50:59.094] [DEBUG] cheese - login => username:admin1,password:123456
[2019-10-08T18:50:59.095] [DEBUG] cheese - admin1
[2019-10-08T18:50:59.102] [DEBUG] cheese - null
[2019-10-08T18:50:59.102] [DEBUG] cheese - null
[2019-10-08T18:52:06.769] [DEBUG] cheese - login => username:admin,password:123456
[2019-10-08T18:52:06.769] [DEBUG] cheese - admin
[2019-10-08T18:52:06.775] [DEBUG] cheese - null
[2019-10-08T18:52:06.775] [DEBUG] cheese - null
[2019-10-08T18:58:13.543] [DEBUG] cheese - login => username:admin,password:123456
[2019-10-08T18:58:13.544] [DEBUG] cheese - admin
[2019-10-08T18:58:13.554] [DEBUG] cheese - null
[2019-10-08T18:58:13.554] [DEBUG] cheese - null
[2019-10-08T19:03:19.750] [DEBUG] cheese - login => username:admin,password:123456
[2019-10-08T19:03:19.750] [DEBUG] cheese - admin
[2019-10-08T19:03:19.761] [DEBUG] cheese - null
[2019-10-08T19:03:19.761] [DEBUG] cheese - null
[2019-10-08T19:38:41.569] [DEBUG] cheese - login => username:admin,password:123456
[2019-10-08T19:38:41.569] [DEBUG] cheese - admin
[2019-10-08T19:38:41.579] [DEBUG] cheese - null
[2019-10-08T19:38:41.579] [DEBUG] cheese - null
[2019-10-08T19:38:46.122] [DEBUG] cheese - login => username:admin,password:123456
[2019-10-08T19:38:46.122] [DEBUG] cheese - admin
[2019-10-08T19:38:46.160] [DEBUG] cheese - null
[2019-10-08T19:38:46.161] [DEBUG] cheese - null
[2019-10-08T19:38:48.859] [DEBUG] cheese - login => username:admin,password:123456
[2019-10-08T19:38:48.859] [DEBUG] cheese - admin
[2019-10-08T19:38:48.869] [DEBUG] cheese - null
[2019-10-08T19:38:48.869] [DEBUG] cheese - null
[2019-10-08T19:39:02.241] [DEBUG] cheese - login => username:admin,password:123456
[2019-10-08T19:39:02.241] [DEBUG] cheese - admin
[2019-10-08T19:39:02.247] [DEBUG] cheese - null
[2019-10-08T19:39:02.247] [DEBUG] cheese - null
[2019-10-08T19:39:06.745] [DEBUG] cheese - login => username:admin,password:123456
[2019-10-08T19:39:06.746] [DEBUG] cheese - admin
[2019-10-08T19:39:06.754] [DEBUG] cheese - null
[2019-10-08T19:39:06.754] [DEBUG] cheese - null
[2019-10-08T19:41:07.509] [DEBUG] cheese - login => username:admin,password:123456
[2019-10-08T19:41:07.509] [DEBUG] cheese - admin
[2019-10-08T19:41:07.521] [DEBUG] cheese - null
[2019-10-08T19:41:07.521] [DEBUG] cheese - null
[2019-10-08T19:41:32.773] [DEBUG] cheese - login => username:admin,password:123456
[2019-10-08T19:41:32.773] [DEBUG] cheese - admin
[2019-10-08T19:41:32.787] [DEBUG] cheese - null
[2019-10-08T19:41:32.788] [DEBUG] cheese - null
[2019-10-08T20:49:16.549] [DEBUG] cheese - login => username:admin,password:123456
[2019-10-08T20:49:16.551] [DEBUG] cheese - admin
[2019-10-08T20:49:16.566] [DEBUG] cheese - null
[2019-10-08T20:49:16.566] [DEBUG] cheese - null
[2019-10-08T20:50:52.752] [DEBUG] cheese - login => username:admin,password:123456
[2019-10-08T20:50:52.752] [DEBUG] cheese - admin
[2019-10-08T20:50:52.760] [DEBUG] cheese - null
[2019-10-08T20:50:52.760] [DEBUG] cheese - null
[2019-10-08T21:19:24.737] [DEBUG] cheese - login => username:admin,password:123456
[2019-10-08T21:19:24.738] [DEBUG] cheese - admin
[2019-10-08T21:19:24.747] [DEBUG] cheese - null
[2019-10-08T21:19:24.747] [DEBUG] cheese - null
[2019-10-08T21:21:27.071] [DEBUG] cheese - login => username:admin,password:123456
[2019-10-08T21:21:27.071] [DEBUG] cheese - admin
[2019-10-08T21:21:27.079] [DEBUG] cheese - null
[2019-10-08T21:21:27.079] [DEBUG] cheese - null
[2019-10-09T09:50:45.487] [DEBUG] cheese - login => username:admin,password:123456
[2019-10-09T09:50:45.493] [DEBUG] cheese - admin
[2019-10-09T09:50:45.523] [DEBUG] cheese - null
[2019-10-09T09:50:45.524] [DEBUG] cheese - null
[2019-10-09T10:51:18.973] [DEBUG] cheese - login => username:admin,password:123456
[2019-10-09T10:51:18.974] [DEBUG] cheese - admin
[2019-10-09T10:51:18.989] [DEBUG] cheese - null
[2019-10-09T10:51:18.989] [DEBUG] cheese - null
[2019-10-09T10:52:07.441] [DEBUG] cheese - login => username:admin,password:123456
[2019-10-09T10:52:07.441] [DEBUG] cheese - admin
[2019-10-09T10:52:07.455] [DEBUG] cheese - null
[2019-10-09T10:52:07.455] [DEBUG] cheese - null
[2019-10-09T11:29:57.887] [DEBUG] cheese - login => username:admin,password:123456
[2019-10-09T11:29:57.887] [DEBUG] cheese - admin
[2019-10-09T11:29:57.895] [DEBUG] cheese - null
[2019-10-09T11:29:57.895] [DEBUG] cheese - null
[2019-10-09T14:25:35.976] [DEBUG] cheese - login => username:admin,password:123456
[2019-10-09T14:25:35.977] [DEBUG] cheese - admin
[2019-10-09T14:25:35.988] [DEBUG] cheese - null
[2019-10-09T14:25:35.988] [DEBUG] cheese - null
[2019-10-09T14:25:45.029] [DEBUG] cheese - login => username:admin,password:123456
[2019-10-09T14:25:45.029] [DEBUG] cheese - admin
[2019-10-09T14:25:45.036] [DEBUG] cheese - null
[2019-10-09T14:25:45.037] [DEBUG] cheese - null
[2019-10-09T15:17:15.842] [DEBUG] cheese - login => username:admin,password:123456
[2019-10-09T15:17:15.842] [DEBUG] cheese - admin
[2019-10-09T15:17:15.850] [DEBUG] cheese - null
[2019-10-09T15:17:15.850] [DEBUG] cheese - null
[2019-10-09T15:17:20.770] [DEBUG] cheese - login => username:admin,password:123456
[2019-10-09T15:17:20.770] [DEBUG] cheese - admin
[2019-10-09T15:17:20.782] [DEBUG] cheese - null
[2019-10-09T15:17:20.782] [DEBUG] cheese - null
[2019-10-10T08:53:09.478] [DEBUG] cheese - login => username:admin,password:123456
[2019-10-10T08:53:09.483] [DEBUG] cheese - admin
[2019-10-10T08:53:09.508] [DEBUG] cheese - null
[2019-10-10T08:53:09.509] [DEBUG] cheese - null
[2019-10-10T08:54:01.711] [DEBUG] cheese - login => username:admin,password:123456
[2019-10-10T08:54:01.711] [DEBUG] cheese - admin
[2019-10-10T08:54:01.726] [DEBUG] cheese - null
[2019-10-10T08:54:01.726] [DEBUG] cheese - null
[2019-10-10T08:58:41.155] [DEBUG] cheese - login => username:admin,password:123456
[2019-10-10T08:58:41.169] [DEBUG] cheese - admin
[2019-10-10T08:58:41.277] [DEBUG] cheese - null
[2019-10-10T08:58:41.277] [DEBUG] cheese - null
[2019-10-10T08:59:37.040] [DEBUG] cheese - login => username:admin,password:123456
[2019-10-10T08:59:37.041] [DEBUG] cheese - admin
[2019-10-10T08:59:37.048] [DEBUG] cheese - null
[2019-10-10T08:59:37.048] [DEBUG] cheese - null
[2019-10-10T09:16:11.500] [DEBUG] cheese - login => username:admin,password:123456
[2019-10-10T09:16:11.500] [DEBUG] cheese - admin
[2019-10-10T09:16:11.510] [DEBUG] cheese - null
[2019-10-10T09:16:11.510] [DEBUG] cheese - null
[2019-10-10T09:33:58.558] [DEBUG] cheese - login => username:admin,password:123456
[2019-10-10T09:33:58.558] [DEBUG] cheese - admin
[2019-10-10T09:33:58.683] [DEBUG] cheese - null
[2019-10-10T09:33:58.684] [DEBUG] cheese - null
[2019-10-10T09:34:07.770] [DEBUG] cheese - login => username:admin,password:123456
[2019-10-10T09:34:07.770] [DEBUG] cheese - admin
[2019-10-10T09:34:07.775] [DEBUG] cheese - null
[2019-10-10T09:34:07.776] [DEBUG] cheese - null
[2019-10-10T09:34:42.596] [DEBUG] cheese - login => username:admin,password:123456
[2019-10-10T09:34:42.596] [DEBUG] cheese - admin
[2019-10-10T09:34:42.607] [DEBUG] cheese - null
[2019-10-10T09:34:42.607] [DEBUG] cheese - null
[2019-10-10T10:14:05.667] [DEBUG] cheese - login => username:admin,password:123456
[2019-10-10T10:14:05.667] [DEBUG] cheese - admin
[2019-10-10T10:14:05.679] [DEBUG] cheese - null
[2019-10-10T10:14:05.679] [DEBUG] cheese - null
[2019-10-10T10:14:15.053] [DEBUG] cheese - login => username:admin,password:123456
[2019-10-10T10:14:15.053] [DEBUG] cheese - admin
[2019-10-10T10:14:15.065] [DEBUG] cheese - null
[2019-10-10T10:14:15.066] [DEBUG] cheese - null
[2019-10-10T10:32:09.684] [DEBUG] cheese - login => username:admin,password:123456
[2019-10-10T10:32:09.684] [DEBUG] cheese - admin
[2019-10-10T10:32:09.694] [DEBUG] cheese - null
[2019-10-10T10:32:09.694] [DEBUG] cheese - null
[2019-10-10T10:32:13.966] [DEBUG] cheese - login => username:admin,password:123456
[2019-10-10T10:32:13.966] [DEBUG] cheese - admin
[2019-10-10T10:32:13.971] [DEBUG] cheese - null
[2019-10-10T10:32:13.972] [DEBUG] cheese - null
[2019-10-10T10:32:16.367] [DEBUG] cheese - login => username:admin,password:123456
[2019-10-10T10:32:16.367] [DEBUG] cheese - admin
[2019-10-10T10:32:16.373] [DEBUG] cheese - null
[2019-10-10T10:32:16.373] [DEBUG] cheese - null
[2019-10-10T10:32:35.322] [DEBUG] cheese - login => username:admin,password:123456
[2019-10-10T10:32:35.322] [DEBUG] cheese - admin
[2019-10-10T10:32:35.330] [DEBUG] cheese - null
[2019-10-10T10:32:35.330] [DEBUG] cheese - null
[2019-10-10T10:33:16.490] [DEBUG] cheese - login => username:admin,password:123456
[2019-10-10T10:33:16.490] [DEBUG] cheese - admin
[2019-10-10T10:33:16.501] [DEBUG] cheese - null
[2019-10-10T10:33:16.501] [DEBUG] cheese - null
[2019-10-10T11:45:57.814] [DEBUG] cheese - login => username:admin,password:123456
[2019-10-10T11:45:57.815] [DEBUG] cheese - admin
[2019-10-10T11:45:57.829] [DEBUG] cheese - null
[2019-10-10T11:45:57.829] [DEBUG] cheese - null
[2019-10-10T13:47:36.934] [DEBUG] cheese - login => username:admin,password:123456
[2019-10-10T13:47:36.935] [DEBUG] cheese - admin
[2019-10-10T13:47:36.947] [DEBUG] cheese - null
[2019-10-10T13:47:36.947] [DEBUG] cheese - null
[2019-10-10T13:54:18.867] [DEBUG] cheese - login => username:admin,password:123456
[2019-10-10T13:54:18.868] [DEBUG] cheese - admin
[2019-10-10T13:54:18.874] [DEBUG] cheese - null
[2019-10-10T13:54:18.876] [DEBUG] cheese - null
[2019-10-10T13:55:18.674] [DEBUG] cheese - login => username:admin,password:123456
[2019-10-10T13:55:18.674] [DEBUG] cheese - admin
[2019-10-10T13:55:18.683] [DEBUG] cheese - null
[2019-10-10T13:55:18.683] [DEBUG] cheese - null
[2019-10-10T14:00:18.094] [DEBUG] cheese - login => username:admin,password:123456
[2019-10-10T14:00:18.095] [DEBUG] cheese - admin
[2019-10-10T14:00:18.106] [DEBUG] cheese - null
[2019-10-10T14:00:18.107] [DEBUG] cheese - null
[2019-10-10T14:36:07.392] [DEBUG] cheese - login => username:admin,password:123456
[2019-10-10T14:36:07.394] [DEBUG] cheese - admin
[2019-10-10T14:36:07.406] [DEBUG] cheese - null
[2019-10-10T14:36:07.406] [DEBUG] cheese - null
[2019-10-10T14:41:41.988] [DEBUG] cheese - login => username:admin,password:123456
[2019-10-10T14:41:41.988] [DEBUG] cheese - admin
[2019-10-10T14:41:41.997] [DEBUG] cheese - null
[2019-10-10T14:41:41.997] [DEBUG] cheese - null
[2019-10-10T17:03:15.171] [DEBUG] cheese - login => username:admin,password:123456
[2019-10-10T17:03:15.172] [DEBUG] cheese - admin
[2019-10-10T17:03:15.195] [DEBUG] cheese - null
[2019-10-10T17:03:15.195] [DEBUG] cheese - null
[2019-10-10T18:16:10.699] [DEBUG] cheese - login => username:admin,password:123456
[2019-10-10T18:16:10.700] [DEBUG] cheese - admin
[2019-10-10T18:16:10.709] [DEBUG] cheese - null
[2019-10-10T18:16:10.709] [DEBUG] cheese - null
[2019-10-10T21:26:07.760] [DEBUG] cheese - login => username:admin,password:123456
[2019-10-10T21:26:07.761] [DEBUG] cheese - admin
[2019-10-10T21:26:07.770] [DEBUG] cheese - null
[2019-10-10T21:26:07.772] [DEBUG] cheese - null
[2019-10-11T09:23:33.145] [DEBUG] cheese - login => username:admin,password:123456
[2019-10-11T09:23:33.150] [DEBUG] cheese - admin
[2019-10-11T09:23:33.247] [DEBUG] cheese - null
[2019-10-11T09:23:33.247] [DEBUG] cheese - null
[2019-10-11T09:27:01.231] [DEBUG] cheese - login => username:admin,password:123456
[2019-10-11T09:27:01.232] [DEBUG] cheese - admin
[2019-10-11T09:27:01.238] [DEBUG] cheese - null
[2019-10-11T09:27:01.239] [DEBUG] cheese - null
[2019-10-11T09:57:43.860] [DEBUG] cheese - login => username:admin,password:123456
[2019-10-11T09:57:43.861] [DEBUG] cheese - admin
[2019-10-11T09:57:43.867] [DEBUG] cheese - null
[2019-10-11T09:57:43.867] [DEBUG] cheese - null
[2019-10-11T18:13:40.948] [DEBUG] cheese - login => username:admin,password:123456
[2019-10-11T18:13:40.953] [DEBUG] cheese - admin
[2019-10-11T18:13:40.976] [DEBUG] cheese - null
[2019-10-11T18:13:40.977] [DEBUG] cheese - null
[2019-10-11T18:17:47.530] [DEBUG] cheese - login => username:admin,password:123456
[2019-10-11T18:17:47.531] [DEBUG] cheese - admin
[2019-10-11T18:17:47.538] [DEBUG] cheese - null
[2019-10-11T18:17:47.538] [DEBUG] cheese - null
[2019-10-13T09:08:46.906] [DEBUG] cheese - login => username:admin,password:123456
[2019-10-13T09:08:46.916] [DEBUG] cheese - admin
[2019-10-13T09:08:46.949] [DEBUG] cheese - null
[2019-10-13T09:08:46.950] [DEBUG] cheese - null
[2019-10-13T10:23:28.475] [DEBUG] cheese - login => username:admin,password:123456
[2019-10-13T10:23:28.478] [DEBUG] cheese - admin
[2019-10-13T10:23:28.484] [DEBUG] cheese - null
[2019-10-13T10:23:28.484] [DEBUG] cheese - null
[2019-10-13T10:27:24.424] [DEBUG] cheese - login => username:admin,password:123456
[2019-10-13T10:27:24.425] [DEBUG] cheese - admin
[2019-10-13T10:27:24.433] [DEBUG] cheese - null
[2019-10-13T10:27:24.433] [DEBUG] cheese - null
[2019-10-13T13:52:07.417] [DEBUG] cheese - null
[2019-10-13T13:54:41.189] [DEBUG] cheese - null
[2019-10-13T13:55:14.039] [DEBUG] cheese - null
[2019-10-13T13:56:08.384] [DEBUG] cheese - null
[2019-10-13T15:14:22.479] [DEBUG] cheese - login => username:admin,password:123456
[2019-10-13T15:14:22.480] [DEBUG] cheese - admin
[2019-10-13T15:14:22.487] [DEBUG] cheese - null
[2019-10-13T15:14:22.488] [DEBUG] cheese - null
[2019-10-13T16:48:57.272] [DEBUG] cheese - login => username:admin,password:123456
[2019-10-13T16:48:57.273] [DEBUG] cheese - admin
[2019-10-13T16:48:57.281] [DEBUG] cheese - null
[2019-10-13T16:48:57.282] [DEBUG] cheese - null
[2019-10-13T16:50:31.378] [DEBUG] cheese - login => username:admin,password:123456
[2019-10-13T16:50:31.378] [DEBUG] cheese - admin
[2019-10-13T16:50:31.382] [DEBUG] cheese - null
[2019-10-13T16:50:31.382] [DEBUG] cheese - null
[2019-10-13T17:02:29.494] [DEBUG] cheese - login => username:admin,password:123456
[2019-10-13T17:02:29.494] [DEBUG] cheese - admin
[2019-10-13T17:02:29.500] [DEBUG] cheese - null
[2019-10-13T17:02:29.500] [DEBUG] cheese - null
[2019-10-13T20:33:02.110] [DEBUG] cheese - login => username:admin,password:123456
[2019-10-13T20:33:02.111] [DEBUG] cheese - admin
[2019-10-13T20:33:02.123] [DEBUG] cheese - null
[2019-10-13T20:33:02.123] [DEBUG] cheese - null
[2019-10-13T21:14:42.823] [DEBUG] cheese - login => username:admin,password:123456
[2019-10-13T21:14:42.823] [DEBUG] cheese - admin
[2019-10-13T21:14:42.830] [DEBUG] cheese - null
[2019-10-13T21:14:42.831] [DEBUG] cheese - null
[2019-10-14T09:05:56.118] [DEBUG] cheese - login => username:admin,password:123456
[2019-10-14T09:05:56.122] [DEBUG] cheese - admin
[2019-10-14T09:05:56.146] [DEBUG] cheese - null
[2019-10-14T09:05:56.147] [DEBUG] cheese - null
[2019-10-14T11:43:43.555] [DEBUG] cheese - login => username:admin,password:123456
[2019-10-14T11:43:43.556] [DEBUG] cheese - admin
[2019-10-14T11:43:43.566] [DEBUG] cheese - null
[2019-10-14T11:43:43.567] [DEBUG] cheese - null
[2019-10-14T13:48:09.453] [DEBUG] cheese - login => username:admin,password:123456
[2019-10-14T13:48:09.454] [DEBUG] cheese - admin
[2019-10-14T13:48:09.460] [DEBUG] cheese - null
[2019-10-14T13:48:09.461] [DEBUG] cheese - null
[2019-10-14T13:55:02.738] [DEBUG] cheese - login => username:admin,password:123456
[2019-10-14T13:55:02.738] [DEBUG] cheese - admin
[2019-10-14T13:55:02.744] [DEBUG] cheese - null
[2019-10-14T13:55:02.745] [DEBUG] cheese - null
